<?xml version="1.0" encoding="UTF-8"?>
<testsuite xmlns:xsi="http://www.w3.org/2001/XMLSchema-instance" xsi:noNamespaceSchemaLocation="https://maven.apache.org/surefire/maven-surefire-plugin/xsd/surefire-test-report-3.0.xsd" version="3.0" name="jenkinsTest.JenkinsTest.PageLayerJenkinTest" time="1.101" tests="2" errors="0" skipped="0" failures="0">
  <properties>
[...]
</properties>
  <testcase name="hehe" classname="jenkinsTest.JenkinsTest.PageLayerJenkinTest" time="0.016">
    <system-out><![CDATA[hehe
]]></system-out>
    <system-err><![CDATA[SLF4J: Failed to load class "org.slf4j.impl.StaticLoggerBinder".
SLF4J: Defaulting to no-operation (NOP) logger implementation
SLF4J: See http://www.slf4j.org/codes.html#StaticLoggerBinder for further details.
]]></system-err>
  </testcase>
  <testcase name="hihi" classname="jenkinsTest.JenkinsTest.PageLayerJenkinTest" time="0.004">
    <system-out><![CDATA[result failed with testcase2
]]></system-out>
  </testcase>
</testsuite>