<?xml version="1.0" encoding="UTF-8"?>
<testng-results ignored="0" total="2" passed="2" failed="0" skipped="0">
  <reporter-output>
  </reporter-output>
  <suite started-at="2024-08-08T13:58:29 IST" name="Surefire suite" finished-at="2024-08-08T13:58:29 IST" duration-ms="104">
    <groups>
    </groups>
    <test started-at="2024-08-08T13:58:29 IST" name="Surefire test" finished-at="2024-08-08T13:58:29 IST" duration-ms="104">
      <class name="jenkinsTest.JenkinsTest.PageLayerJenkinTest">
        <test-method signature="hehe()[pri:1, instance:jenkinsTest.JenkinsTest.PageLayerJenkinTest@5db250b4]" started-at="2024-08-08T13:58:29 IST" name="hehe" finished-at="2024-08-08T13:58:29 IST" duration-ms="11" status="PASS">
          <reporter-output>
          </reporter-output>
        </test-method> <!-- hehe -->
        <test-method signature="hihi()[pri:2, instance:jenkinsTest.JenkinsTest.PageLayerJenkinTest@5db250b4]" started-at="2024-08-08T13:58:29 IST" name="hihi" finished-at="2024-08-08T13:58:29 IST" duration-ms="1" status="PASS">
          <reporter-output>
          </reporter-output>
        </test-method> <!-- hihi -->
      </class> <!-- jenkinsTest.JenkinsTest.PageLayerJenkinTest -->
    </test> <!-- Surefire test -->
  </suite> <!-- Surefire suite -->
</testng-results>
