<?xml version="1.0" encoding="UTF-8"?>
<testng-results ignored="0" total="1" passed="1" failed="0" skipped="0">
  <reporter-output>
  </reporter-output>
  <suite started-at="2024-08-08T13:14:35 IST" name="Default suite" finished-at="2024-08-08T13:14:35 IST" duration-ms="162">
    <groups>
    </groups>
    <test started-at="2024-08-08T13:14:35 IST" name="Default test" finished-at="2024-08-08T13:14:35 IST" duration-ms="162">
      <class name="PageLayer.PageLayerJenkinTest">
        <test-method signature="hehe()[pri:1, instance:PageLayer.PageLayerJenkinTest@4ec4f3a0]" started-at="2024-08-08T13:14:35 IST" name="hehe" finished-at="2024-08-08T13:14:35 IST" duration-ms="29" status="PASS">
          <reporter-output>
          </reporter-output>
        </test-method> <!-- hehe -->
      </class> <!-- PageLayer.PageLayerJenkinTest -->
    </test> <!-- Default test -->
  </suite> <!-- Default suite -->
</testng-results>
